<?xml version="1.0" encoding="UTF-8"?>
<testng-results ignored="0" total="1" passed="1" failed="0" skipped="0">
  <reporter-output>
  </reporter-output>
  <suite started-at="2023-08-02T19:50:10 IST" name="Suite" finished-at="2023-08-02T19:50:33 IST" duration-ms="22953">
    <groups>
      <group name="RegressionSuite">
        <method signature="CreateOrganizationTest.createOrganizationTest()[pri:0, instance:vtiger.OrganizationsTests.CreateOrganizationTest@55b7a4e0]" name="createOrganizationTest" class="vtiger.OrganizationsTests.CreateOrganizationTest"/>
      </group> <!-- RegressionSuite -->
    </groups>
    <test started-at="2023-08-02T19:50:10 IST" name="Test" finished-at="2023-08-02T19:50:33 IST" duration-ms="22953">
      <class name="vtiger.OrganizationsTests.CreateOrganizationTest">
        <test-method is-config="true" signature="bsConfig()[pri:0, instance:vtiger.OrganizationsTests.CreateOrganizationTest@55b7a4e0]" started-at="2023-08-02T19:50:10 IST" name="bsConfig" finished-at="2023-08-02T19:50:10 IST" duration-ms="16" status="PASS">
          <reporter-output>
          </reporter-output>
        </test-method> <!-- bsConfig -->
        <test-method is-config="true" signature="bcConfig()[pri:0, instance:vtiger.OrganizationsTests.CreateOrganizationTest@55b7a4e0]" started-at="2023-08-02T19:50:10 IST" name="bcConfig" finished-at="2023-08-02T19:50:15 IST" duration-ms="5004" status="PASS">
          <reporter-output>
          </reporter-output>
        </test-method> <!-- bcConfig -->
        <test-method is-config="true" signature="bmConfig()[pri:0, instance:vtiger.OrganizationsTests.CreateOrganizationTest@55b7a4e0]" started-at="2023-08-02T19:50:15 IST" name="bmConfig" finished-at="2023-08-02T19:50:18 IST" duration-ms="3655" status="PASS">
          <reporter-output>
          </reporter-output>
        </test-method> <!-- bmConfig -->
        <test-method signature="createOrganizationTest()[pri:0, instance:vtiger.OrganizationsTests.CreateOrganizationTest@55b7a4e0]" started-at="2023-08-02T19:50:18 IST" name="createOrganizationTest" finished-at="2023-08-02T19:50:31 IST" duration-ms="12039" status="PASS">
          <reporter-output>
          </reporter-output>
        </test-method> <!-- createOrganizationTest -->
        <test-method is-config="true" signature="amConfig()[pri:0, instance:vtiger.OrganizationsTests.CreateOrganizationTest@55b7a4e0]" started-at="2023-08-02T19:50:31 IST" name="amConfig" finished-at="2023-08-02T19:50:33 IST" duration-ms="2093" status="PASS">
          <reporter-output>
          </reporter-output>
        </test-method> <!-- amConfig -->
        <test-method is-config="true" signature="acConfig()[pri:0, instance:vtiger.OrganizationsTests.CreateOrganizationTest@55b7a4e0]" started-at="2023-08-02T19:50:33 IST" name="acConfig" finished-at="2023-08-02T19:50:33 IST" duration-ms="116" status="PASS">
          <reporter-output>
          </reporter-output>
        </test-method> <!-- acConfig -->
        <test-method is-config="true" signature="asConfig()[pri:0, instance:vtiger.OrganizationsTests.CreateOrganizationTest@55b7a4e0]" started-at="2023-08-02T19:50:33 IST" name="asConfig" finished-at="2023-08-02T19:50:33 IST" duration-ms="0" status="PASS">
          <reporter-output>
          </reporter-output>
        </test-method> <!-- asConfig -->
      </class> <!-- vtiger.OrganizationsTests.CreateOrganizationTest -->
    </test> <!-- Test -->
  </suite> <!-- Suite -->
</testng-results>
